The system is: Darwin - 19.6.0 - x86_64
Compiling the CXX compiler identification source file "CMakeCXXCompilerId.cpp" succeeded.
Compiler:  
Build flags: 
Id flags:  

The output was:
0
Command line invocation:
    /Applications/Xcode.app/Contents/Developer/usr/bin/xcodebuild

note: Using new build system
note: Planning build
note: Constructing build description
warning: Traditional headermap style is no longer supported; please migrate to using separate headermaps and set 'ALWAYS_SEARCH_USER_PATHS' to NO. (in target 'CompilerIdCXX' from project 'CompilerIdCXX')
CreateBuildDirectory /Users/xtdoudou/Documents/workspace/ray-tracing-from-the-ground-up/build/CMakeFiles/3.23.0/CompilerIdCXX (in target 'CompilerIdCXX' from project 'CompilerIdCXX')
    cd /Users/xtdoudou/Documents/workspace/ray-tracing-from-the-ground-up/build/CMakeFiles/3.23.0/CompilerIdCXX
    builtin-create-build-directory /Users/xtdoudou/Documents/workspace/ray-tracing-from-the-ground-up/build/CMakeFiles/3.23.0/CompilerIdCXX

WriteAuxiliaryFile /Users/xtdoudou/Documents/workspace/ray-tracing-from-the-ground-up/build/CMakeFiles/3.23.0/CompilerIdCXX/CompilerIdCXX.build/Debug/CompilerIdCXX.build/all-product-headers.yaml (in target 'CompilerIdCXX' from project 'CompilerIdCXX')
    cd /Users/xtdoudou/Documents/workspace/ray-tracing-from-the-ground-up/build/CMakeFiles/3.23.0/CompilerIdCXX
    write-file /Users/xtdoudou/Documents/workspace/ray-tracing-from-the-ground-up/build/CMakeFiles/3.23.0/CompilerIdCXX/CompilerIdCXX.build/Debug/CompilerIdCXX.build/all-product-headers.yaml

WriteAuxiliaryFile /Users/xtdoudou/Documents/workspace/ray-tracing-from-the-ground-up/build/CMakeFiles/3.23.0/CompilerIdCXX/CompilerIdCXX.build/Debug/CompilerIdCXX.build/CompilerIdCXX-project-headers.hmap (in target 'CompilerIdCXX' from project 'CompilerIdCXX')
    cd /Users/xtdoudou/Documents/workspace/ray-tracing-from-the-ground-up/build/CMakeFiles/3.23.0/CompilerIdCXX
    write-file /Users/xtdoudou/Documents/workspace/ray-tracing-from-the-ground-up/build/CMakeFiles/3.23.0/CompilerIdCXX/CompilerIdCXX.build/Debug/CompilerIdCXX.build/CompilerIdCXX-project-headers.hmap

WriteAuxiliaryFile /Users/xtdoudou/Documents/workspace/ray-tracing-from-the-ground-up/build/CMakeFiles/3.23.0/CompilerIdCXX/CompilerIdCXX.build/Debug/CompilerIdCXX.build/CompilerIdCXX.hmap (in target 'CompilerIdCXX' from project 'CompilerIdCXX')
    cd /Users/xtdoudou/Documents/workspace/ray-tracing-from-the-ground-up/build/CMakeFiles/3.23.0/CompilerIdCXX
    write-file /Users/xtdoudou/Documents/workspace/ray-tracing-from-the-ground-up/build/CMakeFiles/3.23.0/CompilerIdCXX/CompilerIdCXX.build/Debug/CompilerIdCXX.build/CompilerIdCXX.hmap

WriteAuxiliaryFile /Users/xtdoudou/Documents/workspace/ray-tracing-from-the-ground-up/build/CMakeFiles/3.23.0/CompilerIdCXX/CompilerIdCXX.build/Debug/CompilerIdCXX.build/CompilerIdCXX-own-target-headers.hmap (in target 'CompilerIdCXX' from project 'CompilerIdCXX')
    cd /Users/xtdoudou/Documents/workspace/ray-tracing-from-the-ground-up/build/CMakeFiles/3.23.0/CompilerIdCXX
    write-file /Users/xtdoudou/Documents/workspace/ray-tracing-from-the-ground-up/build/CMakeFiles/3.23.0/CompilerIdCXX/CompilerIdCXX.build/Debug/CompilerIdCXX.build/CompilerIdCXX-own-target-headers.hmap

WriteAuxiliaryFile /Users/xtdoudou/Documents/workspace/ray-tracing-from-the-ground-up/build/CMakeFiles/3.23.0/CompilerIdCXX/CompilerIdCXX.build/Debug/CompilerIdCXX.build/CompilerIdCXX-generated-files.hmap (in target 'CompilerIdCXX' from project 'CompilerIdCXX')
    cd /Users/xtdoudou/Documents/workspace/ray-tracing-from-the-ground-up/build/CMakeFiles/3.23.0/CompilerIdCXX
    write-file /Users/xtdoudou/Documents/workspace/ray-tracing-from-the-ground-up/build/CMakeFiles/3.23.0/CompilerIdCXX/CompilerIdCXX.build/Debug/CompilerIdCXX.build/CompilerIdCXX-generated-files.hmap

WriteAuxiliaryFile /Users/xtdoudou/Documents/workspace/ray-tracing-from-the-ground-up/build/CMakeFiles/3.23.0/CompilerIdCXX/CompilerIdCXX.build/Debug/CompilerIdCXX.build/CompilerIdCXX-all-target-headers.hmap (in target 'CompilerIdCXX' from project 'CompilerIdCXX')
    cd /Users/xtdoudou/Documents/workspace/ray-tracing-from-the-ground-up/build/CMakeFiles/3.23.0/CompilerIdCXX
    write-file /Users/xtdoudou/Documents/workspace/ray-tracing-from-the-ground-up/build/CMakeFiles/3.23.0/CompilerIdCXX/CompilerIdCXX.build/Debug/CompilerIdCXX.build/CompilerIdCXX-all-target-headers.hmap

WriteAuxiliaryFile /Users/xtdoudou/Documents/workspace/ray-tracing-from-the-ground-up/build/CMakeFiles/3.23.0/CompilerIdCXX/CompilerIdCXX.build/Debug/CompilerIdCXX.build/CompilerIdCXX-all-non-framework-target-headers.hmap (in target 'CompilerIdCXX' from project 'CompilerIdCXX')
    cd /Users/xtdoudou/Documents/workspace/ray-tracing-from-the-ground-up/build/CMakeFiles/3.23.0/CompilerIdCXX
    write-file /Users/xtdoudou/Documents/workspace/ray-tracing-from-the-ground-up/build/CMakeFiles/3.23.0/CompilerIdCXX/CompilerIdCXX.build/Debug/CompilerIdCXX.build/CompilerIdCXX-all-non-framework-target-headers.hmap

WriteAuxiliaryFile /Users/xtdoudou/Documents/workspace/ray-tracing-from-the-ground-up/build/CMakeFiles/3.23.0/CompilerIdCXX/CompilerIdCXX.build/Debug/CompilerIdCXX.build/Objects-normal/x86_64/CompilerIdCXX.LinkFileList (in target 'CompilerIdCXX' from project 'CompilerIdCXX')
    cd /Users/xtdoudou/Documents/workspace/ray-tracing-from-the-ground-up/build/CMakeFiles/3.23.0/CompilerIdCXX
    write-file /Users/xtdoudou/Documents/workspace/ray-tracing-from-the-ground-up/build/CMakeFiles/3.23.0/CompilerIdCXX/CompilerIdCXX.build/Debug/CompilerIdCXX.build/Objects-normal/x86_64/CompilerIdCXX.LinkFileList

CompileC /Users/xtdoudou/Documents/workspace/ray-tracing-from-the-ground-up/build/CMakeFiles/3.23.0/CompilerIdCXX/CompilerIdCXX.build/Debug/CompilerIdCXX.build/Objects-normal/x86_64/CMakeCXXCompilerId.o /Users/xtdoudou/Documents/workspace/ray-tracing-from-the-ground-up/build/CMakeFiles/3.23.0/CompilerIdCXX/CMakeCXXCompilerId.cpp normal x86_64 c++ com.apple.compilers.llvm.clang.1_0.compiler (in target 'CompilerIdCXX' from project 'CompilerIdCXX')
    cd /Users/xtdoudou/Documents/workspace/ray-tracing-from-the-ground-up/build/CMakeFiles/3.23.0/CompilerIdCXX
    export LANG\=en_US.US-ASCII
    /Applications/Xcode.app/Contents/Developer/Toolchains/XcodeDefault.xctoolchain/usr/bin/clang -x c++ -target x86_64-apple-macos10.15 -fmessage-length\=0 -fdiagnostics-show-note-include-stack -fmacro-backtrace-limit\=0 -Wno-trigraphs -fpascal-strings -Os -Wno-missing-field-initializers -Wno-missing-prototypes -Wno-return-type -Wno-non-virtual-dtor -Wno-overloaded-virtual -Wno-exit-time-destructors -Wno-missing-braces -Wparentheses -Wswitch -Wno-unused-function -Wno-unused-label -Wno-unused-parameter -Wno-unused-variable -Wunused-value -Wno-empty-body -Wno-uninitialized -Wno-unknown-pragmas -Wno-shadow -Wno-four-char-constants -Wno-conversion -Wno-constant-conversion -Wno-int-conversion -Wno-bool-conversion -Wno-enum-conversion -Wno-float-conversion -Wno-non-literal-null-conversion -Wno-objc-literal-conversion -Wno-shorten-64-to-32 -Wno-newline-eof -Wno-c++11-extensions -isysroot /Applications/Xcode.app/Contents/Developer/Platforms/MacOSX.platform/Developer/SDKs/MacOSX11.1.sdk -fasm-blocks -fstrict-aliasing -Wdeprecated-declarations -Winvalid-offsetof -g -fvisibility\=hidden -fvisibility-inlines-hidden -Wno-sign-conversion -Wno-infinite-recursion -Wno-move -Wno-comma -Wno-block-capture-autoreleasing -Wno-strict-prototypes -Wno-range-loop-analysis -Wno-semicolon-before-method-body -iquote /Users/xtdoudou/Documents/workspace/ray-tracing-from-the-ground-up/build/CMakeFiles/3.23.0/CompilerIdCXX/CompilerIdCXX.build/Debug/CompilerIdCXX.build/CompilerIdCXX-generated-files.hmap -I/Users/xtdoudou/Documents/workspace/ray-tracing-from-the-ground-up/build/CMakeFiles/3.23.0/CompilerIdCXX/CompilerIdCXX.build/Debug/CompilerIdCXX.build/CompilerIdCXX-own-target-headers.hmap -I/Users/xtdoudou/Documents/workspace/ray-tracing-from-the-ground-up/build/CMakeFiles/3.23.0/CompilerIdCXX/CompilerIdCXX.build/Debug/CompilerIdCXX.build/CompilerIdCXX-all-target-headers.hmap -iquote /Users/xtdoudou/Documents/workspace/ray-tracing-from-the-ground-up/build/CMakeFiles/3.23.0/CompilerIdCXX/CompilerIdCXX.build/Debug/CompilerIdCXX.build/CompilerIdCXX-project-headers.hmap -I/Users/xtdoudou/Documents/workspace/ray-tracing-from-the-ground-up/build/CMakeFiles/3.23.0/CompilerIdCXX/include -I/Users/xtdoudou/Documents/workspace/ray-tracing-from-the-ground-up/build/CMakeFiles/3.23.0/CompilerIdCXX/CompilerIdCXX.build/Debug/CompilerIdCXX.build/DerivedSources-normal/x86_64 -I/Users/xtdoudou/Documents/workspace/ray-tracing-from-the-ground-up/build/CMakeFiles/3.23.0/CompilerIdCXX/CompilerIdCXX.build/Debug/CompilerIdCXX.build/DerivedSources/x86_64 -I/Users/xtdoudou/Documents/workspace/ray-tracing-from-the-ground-up/build/CMakeFiles/3.23.0/CompilerIdCXX/CompilerIdCXX.build/Debug/CompilerIdCXX.build/DerivedSources -F/Users/xtdoudou/Documents/workspace/ray-tracing-from-the-ground-up/build/CMakeFiles/3.23.0/CompilerIdCXX -MMD -MT dependencies -MF /Users/xtdoudou/Documents/workspace/ray-tracing-from-the-ground-up/build/CMakeFiles/3.23.0/CompilerIdCXX/CompilerIdCXX.build/Debug/CompilerIdCXX.build/Objects-normal/x86_64/CMakeCXXCompilerId.d --serialize-diagnostics /Users/xtdoudou/Documents/workspace/ray-tracing-from-the-ground-up/build/CMakeFiles/3.23.0/CompilerIdCXX/CompilerIdCXX.build/Debug/CompilerIdCXX.build/Objects-normal/x86_64/CMakeCXXCompilerId.dia -c /Users/xtdoudou/Documents/workspace/ray-tracing-from-the-ground-up/build/CMakeFiles/3.23.0/CompilerIdCXX/CMakeCXXCompilerId.cpp -o /Users/xtdoudou/Documents/workspace/ray-tracing-from-the-ground-up/build/CMakeFiles/3.23.0/CompilerIdCXX/CompilerIdCXX.build/Debug/CompilerIdCXX.build/Objects-normal/x86_64/CMakeCXXCompilerId.o

Ld /Users/xtdoudou/Documents/workspace/ray-tracing-from-the-ground-up/build/CMakeFiles/3.23.0/CompilerIdCXX/CompilerIdCXX normal (in target 'CompilerIdCXX' from project 'CompilerIdCXX')
    cd /Users/xtdoudou/Documents/workspace/ray-tracing-from-the-ground-up/build/CMakeFiles/3.23.0/CompilerIdCXX
    /Applications/Xcode.app/Contents/Developer/Toolchains/XcodeDefault.xctoolchain/usr/bin/clang++ -target x86_64-apple-macos10.15 -isysroot /Applications/Xcode.app/Contents/Developer/Platforms/MacOSX.platform/Developer/SDKs/MacOSX11.1.sdk -L/Users/xtdoudou/Documents/workspace/ray-tracing-from-the-ground-up/build/CMakeFiles/3.23.0/CompilerIdCXX -F/Users/xtdoudou/Documents/workspace/ray-tracing-from-the-ground-up/build/CMakeFiles/3.23.0/CompilerIdCXX -filelist /Users/xtdoudou/Documents/workspace/ray-tracing-from-the-ground-up/build/CMakeFiles/3.23.0/CompilerIdCXX/CompilerIdCXX.build/Debug/CompilerIdCXX.build/Objects-normal/x86_64/CompilerIdCXX.LinkFileList -Xlinker -object_path_lto -Xlinker /Users/xtdoudou/Documents/workspace/ray-tracing-from-the-ground-up/build/CMakeFiles/3.23.0/CompilerIdCXX/CompilerIdCXX.build/Debug/CompilerIdCXX.build/Objects-normal/x86_64/CompilerIdCXX_lto.o -Xlinker -dependency_info -Xlinker /Users/xtdoudou/Documents/workspace/ray-tracing-from-the-ground-up/build/CMakeFiles/3.23.0/CompilerIdCXX/CompilerIdCXX.build/Debug/CompilerIdCXX.build/Objects-normal/x86_64/CompilerIdCXX_dependency_info.dat -o /Users/xtdoudou/Documents/workspace/ray-tracing-from-the-ground-up/build/CMakeFiles/3.23.0/CompilerIdCXX/CompilerIdCXX

WriteAuxiliaryFile /Users/xtdoudou/Documents/workspace/ray-tracing-from-the-ground-up/build/CMakeFiles/3.23.0/CompilerIdCXX/CompilerIdCXX.build/Debug/CompilerIdCXX.build/Script-2C8FEB8E15DC1A1A00E56A5D.sh (in target 'CompilerIdCXX' from project 'CompilerIdCXX')
    cd /Users/xtdoudou/Documents/workspace/ray-tracing-from-the-ground-up/build/CMakeFiles/3.23.0/CompilerIdCXX
    write-file /Users/xtdoudou/Documents/workspace/ray-tracing-from-the-ground-up/build/CMakeFiles/3.23.0/CompilerIdCXX/CompilerIdCXX.build/Debug/CompilerIdCXX.build/Script-2C8FEB8E15DC1A1A00E56A5D.sh

PhaseScriptExecution Run\ Script /Users/xtdoudou/Documents/workspace/ray-tracing-from-the-ground-up/build/CMakeFiles/3.23.0/CompilerIdCXX/CompilerIdCXX.build/Debug/CompilerIdCXX.build/Script-2C8FEB8E15DC1A1A00E56A5D.sh (in target 'CompilerIdCXX' from project 'CompilerIdCXX')
    cd /Users/xtdoudou/Documents/workspace/ray-tracing-from-the-ground-up/build/CMakeFiles/3.23.0/CompilerIdCXX
    /bin/sh -c /Users/xtdoudou/Documents/workspace/ray-tracing-from-the-ground-up/build/CMakeFiles/3.23.0/CompilerIdCXX/CompilerIdCXX.build/Debug/CompilerIdCXX.build/Script-2C8FEB8E15DC1A1A00E56A5D.sh
GCC_VERSION=com.apple.compilers.llvm.clang.1_0
ARCHS=x86_64

RegisterExecutionPolicyException /Users/xtdoudou/Documents/workspace/ray-tracing-from-the-ground-up/build/CMakeFiles/3.23.0/CompilerIdCXX/CompilerIdCXX (in target 'CompilerIdCXX' from project 'CompilerIdCXX')
    cd /Users/xtdoudou/Documents/workspace/ray-tracing-from-the-ground-up/build/CMakeFiles/3.23.0/CompilerIdCXX
    builtin-RegisterExecutionPolicyException /Users/xtdoudou/Documents/workspace/ray-tracing-from-the-ground-up/build/CMakeFiles/3.23.0/CompilerIdCXX/CompilerIdCXX

** BUILD SUCCEEDED **



Compilation of the CXX compiler identification source "CMakeCXXCompilerId.cpp" produced "CompilerIdCXX"

The CXX compiler identification is AppleClang, found in "/Users/xtdoudou/Documents/workspace/ray-tracing-from-the-ground-up/build/CMakeFiles/3.23.0/CompilerIdCXX/CompilerIdCXX"

Detecting CXX compiler ABI info compiled with the following output:
Change Dir: /Users/xtdoudou/Documents/workspace/ray-tracing-from-the-ground-up/build/CMakeFiles/CMakeTmp

Run Build Command(s):/usr/bin/xcodebuild -project CMAKE_TRY_COMPILE.xcodeproj build -target cmTC_e8009 -parallelizeTargets -configuration Debug -hideShellScriptEnvironment && Command line invocation:
    /Applications/Xcode.app/Contents/Developer/usr/bin/xcodebuild -project CMAKE_TRY_COMPILE.xcodeproj build -target cmTC_e8009 -parallelizeTargets -configuration Debug -hideShellScriptEnvironment

User defaults from command line:
    HideShellScriptEnvironment = YES

note: Using new build system
note: Building targets in parallel
note: Planning build
note: Constructing build description
CreateBuildDirectory /Users/xtdoudou/Documents/workspace/ray-tracing-from-the-ground-up/build/CMakeFiles/CMakeTmp (in target 'cmTC_e8009' from project 'CMAKE_TRY_COMPILE')
    cd /Users/xtdoudou/Documents/workspace/ray-tracing-from-the-ground-up/build/CMakeFiles/CMakeTmp
    builtin-create-build-directory /Users/xtdoudou/Documents/workspace/ray-tracing-from-the-ground-up/build/CMakeFiles/CMakeTmp

WriteAuxiliaryFile /Users/xtdoudou/Documents/workspace/ray-tracing-from-the-ground-up/build/CMakeFiles/CMakeTmp/CMAKE_TRY_COMPILE.build/Debug/cmTC_e8009.build/Objects-normal/x86_64/cmTC_e8009.LinkFileList (in target 'cmTC_e8009' from project 'CMAKE_TRY_COMPILE')
    cd /Users/xtdoudou/Documents/workspace/ray-tracing-from-the-ground-up/build/CMakeFiles/CMakeTmp
    write-file /Users/xtdoudou/Documents/workspace/ray-tracing-from-the-ground-up/build/CMakeFiles/CMakeTmp/CMAKE_TRY_COMPILE.build/Debug/cmTC_e8009.build/Objects-normal/x86_64/cmTC_e8009.LinkFileList

CompileC /Users/xtdoudou/Documents/workspace/ray-tracing-from-the-ground-up/build/CMakeFiles/CMakeTmp/CMAKE_TRY_COMPILE.build/Debug/cmTC_e8009.build/Objects-normal/x86_64/CMakeCXXCompilerABI.o /Applications/CMake.app/Contents/share/cmake-3.23/Modules/CMakeCXXCompilerABI.cpp normal x86_64 c++ com.apple.compilers.llvm.clang.1_0.compiler (in target 'cmTC_e8009' from project 'CMAKE_TRY_COMPILE')
    cd /Users/xtdoudou/Documents/workspace/ray-tracing-from-the-ground-up/build/CMakeFiles/CMakeTmp
    /Applications/Xcode.app/Contents/Developer/Toolchains/XcodeDefault.xctoolchain/usr/bin/clang -x c++ -target x86_64-apple-macos10.15 -fmessage-length\=0 -fdiagnostics-show-note-include-stack -fmacro-backtrace-limit\=0 -Wno-trigraphs -fpascal-strings -O0 -Wno-missing-field-initializers -Wno-missing-prototypes -Wno-return-type -Wno-non-virtual-dtor -Wno-overloaded-virtual -Wno-exit-time-destructors -Wno-missing-braces -Wparentheses -Wswitch -Wno-unused-function -Wno-unused-label -Wno-unused-parameter -Wno-unused-variable -Wunused-value -Wno-empty-body -Wno-uninitialized -Wno-unknown-pragmas -Wno-shadow -Wno-four-char-constants -Wno-conversion -Wno-constant-conversion -Wno-int-conversion -Wno-bool-conversion -Wno-enum-conversion -Wno-float-conversion -Wno-non-literal-null-conversion -Wno-objc-literal-conversion -Wno-shorten-64-to-32 -Wno-newline-eof -Wno-c++11-extensions -DCMAKE_INTDIR\=\"Debug\" -isysroot /Applications/Xcode.app/Contents/Developer/Platforms/MacOSX.platform/Developer/SDKs/MacOSX11.1.sdk -fasm-blocks -fstrict-aliasing -Wdeprecated-declarations -Winvalid-offsetof -g -Wno-sign-conversion -Wno-infinite-recursion -Wno-move -Wno-comma -Wno-block-capture-autoreleasing -Wno-strict-prototypes -Wno-range-loop-analysis -Wno-semicolon-before-method-body -I/Users/xtdoudou/Documents/workspace/ray-tracing-from-the-ground-up/build/CMakeFiles/CMakeTmp/Debug/include -I/Users/xtdoudou/Documents/workspace/ray-tracing-from-the-ground-up/build/CMakeFiles/CMakeTmp/CMAKE_TRY_COMPILE.build/Debug/cmTC_e8009.build/DerivedSources-normal/x86_64 -I/Users/xtdoudou/Documents/workspace/ray-tracing-from-the-ground-up/build/CMakeFiles/CMakeTmp/CMAKE_TRY_COMPILE.build/Debug/cmTC_e8009.build/DerivedSources/x86_64 -I/Users/xtdoudou/Documents/workspace/ray-tracing-from-the-ground-up/build/CMakeFiles/CMakeTmp/CMAKE_TRY_COMPILE.build/Debug/cmTC_e8009.build/DerivedSources -F/Users/xtdoudou/Documents/workspace/ray-tracing-from-the-ground-up/build/CMakeFiles/CMakeTmp/Debug -v -Wl,-v -MMD -MT dependencies -MF /Users/xtdoudou/Documents/workspace/ray-tracing-from-the-ground-up/build/CMakeFiles/CMakeTmp/CMAKE_TRY_COMPILE.build/Debug/cmTC_e8009.build/Objects-normal/x86_64/CMakeCXXCompilerABI.d --serialize-diagnostics /Users/xtdoudou/Documents/workspace/ray-tracing-from-the-ground-up/build/CMakeFiles/CMakeTmp/CMAKE_TRY_COMPILE.build/Debug/cmTC_e8009.build/Objects-normal/x86_64/CMakeCXXCompilerABI.dia -c /Applications/CMake.app/Contents/share/cmake-3.23/Modules/CMakeCXXCompilerABI.cpp -o /Users/xtdoudou/Documents/workspace/ray-tracing-from-the-ground-up/build/CMakeFiles/CMakeTmp/CMAKE_TRY_COMPILE.build/Debug/cmTC_e8009.build/Objects-normal/x86_64/CMakeCXXCompilerABI.o
Apple clang version 12.0.0 (clang-1200.0.32.29)
Target: x86_64-apple-macos10.15
Thread model: posix
InstalledDir: /Applications/Xcode.app/Contents/Developer/Toolchains/XcodeDefault.xctoolchain/usr/bin
clang: warning: -Wl,-v: 'linker' input unused [-Wunused-command-line-argument]
ignoring nonexistent directory "/Applications/Xcode.app/Contents/Developer/Platforms/MacOSX.platform/Developer/SDKs/MacOSX11.1.sdk/usr/include/c++/v1"
 "/Applications/Xcode.app/Contents/Developer/Toolchains/XcodeDefault.xctoolchain/usr/bin/clang" -cc1 -triple x86_64-apple-macosx10.15.0 -Wdeprecated-objc-isa-usage -Werror=deprecated-objc-isa-usage -Werror=implicit-function-declaration -emit-obj -mrelax-all -disable-free -disable-llvm-verifier -discard-value-names -main-file-name CMakeCXXCompilerABI.cpp -mrelocation-model pic -pic-level 2 -mthread-model posix -mframe-pointer=all -fno-strict-return -masm-verbose -munwind-tables -target-sdk-version=11.1 -target-cpu penryn -dwarf-column-info -debug-info-kind=standalone -dwarf-version=4 -debugger-tuning=lldb -target-linker-version 609.8 -v -resource-dir /Applications/Xcode.app/Contents/Developer/Toolchains/XcodeDefault.xctoolchain/usr/lib/clang/12.0.0 -dependency-file /Users/xtdoudou/Documents/workspace/ray-tracing-from-the-ground-up/build/CMakeFiles/CMakeTmp/CMAKE_TRY_COMPILE.build/Debug/cmTC_e8009.build/Objects-normal/x86_64/CMakeCXXCompilerABI.d -skip-unused-modulemap-deps -MT dependencies -isysroot /Applications/Xcode.app/Contents/Developer/Platforms/MacOSX.platform/Developer/SDKs/MacOSX11.1.sdk -D "CMAKE_INTDIR=\"Debug\"" -I /Users/xtdoudou/Documents/workspace/ray-tracing-from-the-ground-up/build/CMakeFiles/CMakeTmp/Debug/include -I /Users/xtdoudou/Documents/workspace/ray-tracing-from-the-ground-up/build/CMakeFiles/CMakeTmp/CMAKE_TRY_COMPILE.build/Debug/cmTC_e8009.build/DerivedSources-normal/x86_64 -I /Users/xtdoudou/Documents/workspace/ray-tracing-from-the-ground-up/build/CMakeFiles/CMakeTmp/CMAKE_TRY_COMPILE.build/Debug/cmTC_e8009.build/DerivedSources/x86_64 -I /Users/xtdoudou/Documents/workspace/ray-tracing-from-the-ground-up/build/CMakeFiles/CMakeTmp/CMAKE_TRY_COMPILE.build/Debug/cmTC_e8009.build/DerivedSources -F/Users/xtdoudou/Documents/workspace/ray-tracing-from-the-ground-up/build/CMakeFiles/CMakeTmp/Debug -stdlib=libc++ -internal-isystem /Applications/Xcode.app/Contents/Developer/Toolchains/XcodeDefault.xctoolchain/usr/bin/../include/c++/v1 -internal-isystem /Applications/Xcode.app/Contents/Developer/Platforms/MacOSX.platform/Developer/SDKs/MacOSX11.1.sdk/usr/local/include -internal-isystem /Applications/Xcode.app/Contents/Developer/Toolchains/XcodeDefault.xctoolchain/usr/lib/clang/12.0.0/include -internal-externc-isystem /Applications/Xcode.app/Contents/Developer/Platforms/MacOSX.platform/Developer/SDKs/MacOSX11.1.sdk/usr/include -internal-externc-isystem /Applications/Xcode.app/Contents/Developer/Toolchains/XcodeDefault.xctoolchain/usr/include -O0 -Wno-trigraphs -Wno-missing-field-initializers -Wno-missing-prototypes -Wno-return-type -Wno-non-virtual-dtor -Wno-overloaded-virtual -Wno-exit-time-destructors -Wno-missing-braces -Wparentheses -Wswitch -Wno-unused-function -Wno-unused-label -Wno-unused-parameter -Wno-unused-variable -Wunused-value -Wno-empty-body -Wno-uninitialized -Wno-unknown-pragmas -Wno-shadow -Wno-four-char-constants -Wno-conversion -Wno-constant-conversion -Wno-int-conversion -Wno-bool-conversion -Wno-enum-conversion -Wno-float-conversion -Wno-non-literal-null-conversion -Wno-objc-literal-conversion -Wno-shorten-64-to-32 -Wno-newline-eof -Wno-c++11-extensions -Wdeprecated-declarations -Winvalid-offsetof -Wno-sign-conversion -Wno-infinite-recursion -Wno-move -Wno-comma -Wno-block-capture-autoreleasing -Wno-strict-prototypes -Wno-range-loop-analysis -Wno-semicolon-before-method-body -Wno-reorder-init-list -Wno-implicit-int-float-conversion -Wno-c99-designator -Wno-final-dtor-non-final-class -Wno-extra-semi-stmt -Wno-misleading-indentation -Wno-quoted-include-in-framework-header -Wno-implicit-fallthrough -Wno-enum-enum-conversion -Wno-enum-float-conversion -fdeprecated-macro -fdebug-compilation-dir /Users/xtdoudou/Documents/workspace/ray-tracing-from-the-ground-up/build/CMakeFiles/CMakeTmp -ferror-limit 19 -fmacro-backtrace-limit 0 -fmessage-length 0 -stack-protector 1 -fstack-check -mdarwin-stkchk-strong-link -fblocks -fencode-extended-block-signature -fregister-global-dtors-with-atexit -fgnuc-version=4.2.1 -fobjc-runtime=macosx-10.15.0 -fcxx-exceptions -fexceptions -fpascal-strings -fmax-type-align=16 -fdiagnostics-show-option -fdiagnostics-show-note-include-stack -fasm-blocks -serialize-diagnostic-file /Users/xtdoudou/Documents/workspace/ray-tracing-from-the-ground-up/build/CMakeFiles/CMakeTmp/CMAKE_TRY_COMPILE.build/Debug/cmTC_e8009.build/Objects-normal/x86_64/CMakeCXXCompilerABI.dia -o /Users/xtdoudou/Documents/workspace/ray-tracing-from-the-ground-up/build/CMakeFiles/CMakeTmp/CMAKE_TRY_COMPILE.build/Debug/cmTC_e8009.build/Objects-normal/x86_64/CMakeCXXCompilerABI.o -x c++ /Applications/CMake.app/Contents/share/cmake-3.23/Modules/CMakeCXXCompilerABI.cpp
clang -cc1 version 12.0.0 (clang-1200.0.32.29) default target x86_64-apple-darwin19.6.0
ignoring nonexistent directory "/Users/xtdoudou/Documents/workspace/ray-tracing-from-the-ground-up/build/CMakeFiles/CMakeTmp/Debug/include"
ignoring nonexistent directory "/Users/xtdoudou/Documents/workspace/ray-tracing-from-the-ground-up/build/CMakeFiles/CMakeTmp/CMAKE_TRY_COMPILE.build/Debug/cmTC_e8009.build/DerivedSources-normal/x86_64"
ignoring nonexistent directory "/Users/xtdoudou/Documents/workspace/ray-tracing-from-the-ground-up/build/CMakeFiles/CMakeTmp/CMAKE_TRY_COMPILE.build/Debug/cmTC_e8009.build/DerivedSources/x86_64"
ignoring nonexistent directory "/Users/xtdoudou/Documents/workspace/ray-tracing-from-the-ground-up/build/CMakeFiles/CMakeTmp/CMAKE_TRY_COMPILE.build/Debug/cmTC_e8009.build/DerivedSources"
ignoring nonexistent directory "/Users/xtdoudou/Documents/workspace/ray-tracing-from-the-ground-up/build/CMakeFiles/CMakeTmp/Debug"
ignoring nonexistent directory "/Applications/Xcode.app/Contents/Developer/Platforms/MacOSX.platform/Developer/SDKs/MacOSX11.1.sdk/usr/local/include"
ignoring nonexistent directory "/Applications/Xcode.app/Contents/Developer/Platforms/MacOSX.platform/Developer/SDKs/MacOSX11.1.sdk/Library/Frameworks"
#include "..." search starts here:
#include <...> search starts here:
 /Applications/Xcode.app/Contents/Developer/Toolchains/XcodeDefault.xctoolchain/usr/bin/../include/c++/v1
 /Applications/Xcode.app/Contents/Developer/Toolchains/XcodeDefault.xctoolchain/usr/lib/clang/12.0.0/include
 /Applications/Xcode.app/Contents/Developer/Platforms/MacOSX.platform/Developer/SDKs/MacOSX11.1.sdk/usr/include
 /Applications/Xcode.app/Contents/Developer/Toolchains/XcodeDefault.xctoolchain/usr/include
 /Applications/Xcode.app/Contents/Developer/Platforms/MacOSX.platform/Developer/SDKs/MacOSX11.1.sdk/System/Library/Frameworks (framework directory)
End of search list.

Ld /Users/xtdoudou/Documents/workspace/ray-tracing-from-the-ground-up/build/CMakeFiles/CMakeTmp/Debug/cmTC_e8009 normal (in target 'cmTC_e8009' from project 'CMAKE_TRY_COMPILE')
    cd /Users/xtdoudou/Documents/workspace/ray-tracing-from-the-ground-up/build/CMakeFiles/CMakeTmp
    /Applications/Xcode.app/Contents/Developer/Toolchains/XcodeDefault.xctoolchain/usr/bin/clang++ -target x86_64-apple-macos10.15 -isysroot /Applications/Xcode.app/Contents/Developer/Platforms/MacOSX.platform/Developer/SDKs/MacOSX11.1.sdk -L/Users/xtdoudou/Documents/workspace/ray-tracing-from-the-ground-up/build/CMakeFiles/CMakeTmp/Debug -F/Users/xtdoudou/Documents/workspace/ray-tracing-from-the-ground-up/build/CMakeFiles/CMakeTmp/Debug -filelist /Users/xtdoudou/Documents/workspace/ray-tracing-from-the-ground-up/build/CMakeFiles/CMakeTmp/CMAKE_TRY_COMPILE.build/Debug/cmTC_e8009.build/Objects-normal/x86_64/cmTC_e8009.LinkFileList -Xlinker -object_path_lto -Xlinker /Users/xtdoudou/Documents/workspace/ray-tracing-from-the-ground-up/build/CMakeFiles/CMakeTmp/CMAKE_TRY_COMPILE.build/Debug/cmTC_e8009.build/Objects-normal/x86_64/cmTC_e8009_lto.o -Xlinker -no_deduplicate -v -Wl,-v -Wl,-search_paths_first -Wl,-headerpad_max_install_names -Xlinker -dependency_info -Xlinker /Users/xtdoudou/Documents/workspace/ray-tracing-from-the-ground-up/build/CMakeFiles/CMakeTmp/CMAKE_TRY_COMPILE.build/Debug/cmTC_e8009.build/Objects-normal/x86_64/cmTC_e8009_dependency_info.dat -o /Users/xtdoudou/Documents/workspace/ray-tracing-from-the-ground-up/build/CMakeFiles/CMakeTmp/Debug/cmTC_e8009
Apple clang version 12.0.0 (clang-1200.0.32.29)
Target: x86_64-apple-macos10.15
Thread model: posix
InstalledDir: /Applications/Xcode.app/Contents/Developer/Toolchains/XcodeDefault.xctoolchain/usr/bin
 "/Applications/Xcode.app/Contents/Developer/Toolchains/XcodeDefault.xctoolchain/usr/bin/ld" -demangle -lto_library /Applications/Xcode.app/Contents/Developer/Toolchains/XcodeDefault.xctoolchain/usr/lib/libLTO.dylib -dynamic -arch x86_64 -platform_version macos 10.15.0 11.1 -syslibroot /Applications/Xcode.app/Contents/Developer/Platforms/MacOSX.platform/Developer/SDKs/MacOSX11.1.sdk -o /Users/xtdoudou/Documents/workspace/ray-tracing-from-the-ground-up/build/CMakeFiles/CMakeTmp/Debug/cmTC_e8009 -L/Users/xtdoudou/Documents/workspace/ray-tracing-from-the-ground-up/build/CMakeFiles/CMakeTmp/Debug -filelist /Users/xtdoudou/Documents/workspace/ray-tracing-from-the-ground-up/build/CMakeFiles/CMakeTmp/CMAKE_TRY_COMPILE.build/Debug/cmTC_e8009.build/Objects-normal/x86_64/cmTC_e8009.LinkFileList -object_path_lto /Users/xtdoudou/Documents/workspace/ray-tracing-from-the-ground-up/build/CMakeFiles/CMakeTmp/CMAKE_TRY_COMPILE.build/Debug/cmTC_e8009.build/Objects-normal/x86_64/cmTC_e8009_lto.o -no_deduplicate -v -search_paths_first -headerpad_max_install_names -dependency_info /Users/xtdoudou/Documents/workspace/ray-tracing-from-the-ground-up/build/CMakeFiles/CMakeTmp/CMAKE_TRY_COMPILE.build/Debug/cmTC_e8009.build/Objects-normal/x86_64/cmTC_e8009_dependency_info.dat -lc++ -lSystem /Applications/Xcode.app/Contents/Developer/Toolchains/XcodeDefault.xctoolchain/usr/lib/clang/12.0.0/lib/darwin/libclang_rt.osx.a -F/Users/xtdoudou/Documents/workspace/ray-tracing-from-the-ground-up/build/CMakeFiles/CMakeTmp/Debug
@(#)PROGRAM:ld  PROJECT:ld64-609.8
BUILD 15:07:46 Dec 18 2020
configured to support archs: armv6 armv7 armv7s arm64 arm64e arm64_32 i386 x86_64 x86_64h armv6m armv7k armv7m armv7em
Library search paths:
	/Users/xtdoudou/Documents/workspace/ray-tracing-from-the-ground-up/build/CMakeFiles/CMakeTmp/Debug
	/Applications/Xcode.app/Contents/Developer/Platforms/MacOSX.platform/Developer/SDKs/MacOSX11.1.sdk/usr/lib
Framework search paths:
	/Users/xtdoudou/Documents/workspace/ray-tracing-from-the-ground-up/build/CMakeFiles/CMakeTmp/Debug
	/Applications/Xcode.app/Contents/Developer/Platforms/MacOSX.platform/Developer/SDKs/MacOSX11.1.sdk/System/Library/Frameworks/

RegisterExecutionPolicyException /Users/xtdoudou/Documents/workspace/ray-tracing-from-the-ground-up/build/CMakeFiles/CMakeTmp/Debug/cmTC_e8009 (in target 'cmTC_e8009' from project 'CMAKE_TRY_COMPILE')
    cd /Users/xtdoudou/Documents/workspace/ray-tracing-from-the-ground-up/build/CMakeFiles/CMakeTmp
    builtin-RegisterExecutionPolicyException /Users/xtdoudou/Documents/workspace/ray-tracing-from-the-ground-up/build/CMakeFiles/CMakeTmp/Debug/cmTC_e8009

** BUILD SUCCEEDED **




Parsed CXX implicit include dir info from above output: rv=done
  found start of include info
  found start of implicit include info
    add: [/Applications/Xcode.app/Contents/Developer/Toolchains/XcodeDefault.xctoolchain/usr/bin/../include/c++/v1]
    add: [/Applications/Xcode.app/Contents/Developer/Toolchains/XcodeDefault.xctoolchain/usr/lib/clang/12.0.0/include]
    add: [/Applications/Xcode.app/Contents/Developer/Platforms/MacOSX.platform/Developer/SDKs/MacOSX11.1.sdk/usr/include]
    add: [/Applications/Xcode.app/Contents/Developer/Toolchains/XcodeDefault.xctoolchain/usr/include]
  end of search list found
  collapse include dir [/Applications/Xcode.app/Contents/Developer/Toolchains/XcodeDefault.xctoolchain/usr/bin/../include/c++/v1] ==> [/Applications/Xcode.app/Contents/Developer/Toolchains/XcodeDefault.xctoolchain/usr/include/c++/v1]
  collapse include dir [/Applications/Xcode.app/Contents/Developer/Toolchains/XcodeDefault.xctoolchain/usr/lib/clang/12.0.0/include] ==> [/Applications/Xcode.app/Contents/Developer/Toolchains/XcodeDefault.xctoolchain/usr/lib/clang/12.0.0/include]
  collapse include dir [/Applications/Xcode.app/Contents/Developer/Platforms/MacOSX.platform/Developer/SDKs/MacOSX11.1.sdk/usr/include] ==> [/Applications/Xcode.app/Contents/Developer/Platforms/MacOSX.platform/Developer/SDKs/MacOSX11.1.sdk/usr/include]
  collapse include dir [/Applications/Xcode.app/Contents/Developer/Toolchains/XcodeDefault.xctoolchain/usr/include] ==> [/Applications/Xcode.app/Contents/Developer/Toolchains/XcodeDefault.xctoolchain/usr/include]
  implicit include dirs: [/Applications/Xcode.app/Contents/Developer/Toolchains/XcodeDefault.xctoolchain/usr/include/c++/v1;/Applications/Xcode.app/Contents/Developer/Toolchains/XcodeDefault.xctoolchain/usr/lib/clang/12.0.0/include;/Applications/Xcode.app/Contents/Developer/Platforms/MacOSX.platform/Developer/SDKs/MacOSX11.1.sdk/usr/include;/Applications/Xcode.app/Contents/Developer/Toolchains/XcodeDefault.xctoolchain/usr/include]


Parsed CXX implicit link information from above output:
  link line regex: [^( *|.*[/\])(ld|CMAKE_LINK_STARTFILE-NOTFOUND|([^/\]+-)?ld|collect2)[^/\]*( |$)]
  ignore line: [Change Dir: /Users/xtdoudou/Documents/workspace/ray-tracing-from-the-ground-up/build/CMakeFiles/CMakeTmp]
  ignore line: []
  ignore line: [Run Build Command(s):/usr/bin/xcodebuild -project CMAKE_TRY_COMPILE.xcodeproj build -target cmTC_e8009 -parallelizeTargets -configuration Debug -hideShellScriptEnvironment && Command line invocation:]
  ignore line: [    /Applications/Xcode.app/Contents/Developer/usr/bin/xcodebuild -project CMAKE_TRY_COMPILE.xcodeproj build -target cmTC_e8009 -parallelizeTargets -configuration Debug -hideShellScriptEnvironment]
  ignore line: []
  ignore line: [User defaults from command line:]
  ignore line: [    HideShellScriptEnvironment = YES]
  ignore line: []
  ignore line: [note: Using new build system]
  ignore line: [note: Building targets in parallel]
  ignore line: [note: Planning build]
  ignore line: [note: Constructing build description]
  ignore line: [CreateBuildDirectory /Users/xtdoudou/Documents/workspace/ray-tracing-from-the-ground-up/build/CMakeFiles/CMakeTmp (in target 'cmTC_e8009' from project 'CMAKE_TRY_COMPILE')]
  ignore line: [    cd /Users/xtdoudou/Documents/workspace/ray-tracing-from-the-ground-up/build/CMakeFiles/CMakeTmp]
  ignore line: [    builtin-create-build-directory /Users/xtdoudou/Documents/workspace/ray-tracing-from-the-ground-up/build/CMakeFiles/CMakeTmp]
  ignore line: []
  ignore line: [WriteAuxiliaryFile /Users/xtdoudou/Documents/workspace/ray-tracing-from-the-ground-up/build/CMakeFiles/CMakeTmp/CMAKE_TRY_COMPILE.build/Debug/cmTC_e8009.build/Objects-normal/x86_64/cmTC_e8009.LinkFileList (in target 'cmTC_e8009' from project 'CMAKE_TRY_COMPILE')]
  ignore line: [    cd /Users/xtdoudou/Documents/workspace/ray-tracing-from-the-ground-up/build/CMakeFiles/CMakeTmp]
  ignore line: [    write-file /Users/xtdoudou/Documents/workspace/ray-tracing-from-the-ground-up/build/CMakeFiles/CMakeTmp/CMAKE_TRY_COMPILE.build/Debug/cmTC_e8009.build/Objects-normal/x86_64/cmTC_e8009.LinkFileList]
  ignore line: []
  ignore line: [CompileC /Users/xtdoudou/Documents/workspace/ray-tracing-from-the-ground-up/build/CMakeFiles/CMakeTmp/CMAKE_TRY_COMPILE.build/Debug/cmTC_e8009.build/Objects-normal/x86_64/CMakeCXXCompilerABI.o /Applications/CMake.app/Contents/share/cmake-3.23/Modules/CMakeCXXCompilerABI.cpp normal x86_64 c++ com.apple.compilers.llvm.clang.1_0.compiler (in target 'cmTC_e8009' from project 'CMAKE_TRY_COMPILE')]
  ignore line: [    cd /Users/xtdoudou/Documents/workspace/ray-tracing-from-the-ground-up/build/CMakeFiles/CMakeTmp]
  ignore line: [    /Applications/Xcode.app/Contents/Developer/Toolchains/XcodeDefault.xctoolchain/usr/bin/clang -x c++ -target x86_64-apple-macos10.15 -fmessage-length\=0 -fdiagnostics-show-note-include-stack -fmacro-backtrace-limit\=0 -Wno-trigraphs -fpascal-strings -O0 -Wno-missing-field-initializers -Wno-missing-prototypes -Wno-return-type -Wno-non-virtual-dtor -Wno-overloaded-virtual -Wno-exit-time-destructors -Wno-missing-braces -Wparentheses -Wswitch -Wno-unused-function -Wno-unused-label -Wno-unused-parameter -Wno-unused-variable -Wunused-value -Wno-empty-body -Wno-uninitialized -Wno-unknown-pragmas -Wno-shadow -Wno-four-char-constants -Wno-conversion -Wno-constant-conversion -Wno-int-conversion -Wno-bool-conversion -Wno-enum-conversion -Wno-float-conversion -Wno-non-literal-null-conversion -Wno-objc-literal-conversion -Wno-shorten-64-to-32 -Wno-newline-eof -Wno-c++11-extensions -DCMAKE_INTDIR\=\"Debug\" -isysroot /Applications/Xcode.app/Contents/Developer/Platforms/MacOSX.platform/Developer/SDKs/MacOSX11.1.sdk -fasm-blocks -fstrict-aliasing -Wdeprecated-declarations -Winvalid-offsetof -g -Wno-sign-conversion -Wno-infinite-recursion -Wno-move -Wno-comma -Wno-block-capture-autoreleasing -Wno-strict-prototypes -Wno-range-loop-analysis -Wno-semicolon-before-method-body -I/Users/xtdoudou/Documents/workspace/ray-tracing-from-the-ground-up/build/CMakeFiles/CMakeTmp/Debug/include -I/Users/xtdoudou/Documents/workspace/ray-tracing-from-the-ground-up/build/CMakeFiles/CMakeTmp/CMAKE_TRY_COMPILE.build/Debug/cmTC_e8009.build/DerivedSources-normal/x86_64 -I/Users/xtdoudou/Documents/workspace/ray-tracing-from-the-ground-up/build/CMakeFiles/CMakeTmp/CMAKE_TRY_COMPILE.build/Debug/cmTC_e8009.build/DerivedSources/x86_64 -I/Users/xtdoudou/Documents/workspace/ray-tracing-from-the-ground-up/build/CMakeFiles/CMakeTmp/CMAKE_TRY_COMPILE.build/Debug/cmTC_e8009.build/DerivedSources -F/Users/xtdoudou/Documents/workspace/ray-tracing-from-the-ground-up/build/CMakeFiles/CMakeTmp/Debug -v -Wl -v -MMD -MT dependencies -MF /Users/xtdoudou/Documents/workspace/ray-tracing-from-the-ground-up/build/CMakeFiles/CMakeTmp/CMAKE_TRY_COMPILE.build/Debug/cmTC_e8009.build/Objects-normal/x86_64/CMakeCXXCompilerABI.d --serialize-diagnostics /Users/xtdoudou/Documents/workspace/ray-tracing-from-the-ground-up/build/CMakeFiles/CMakeTmp/CMAKE_TRY_COMPILE.build/Debug/cmTC_e8009.build/Objects-normal/x86_64/CMakeCXXCompilerABI.dia -c /Applications/CMake.app/Contents/share/cmake-3.23/Modules/CMakeCXXCompilerABI.cpp -o /Users/xtdoudou/Documents/workspace/ray-tracing-from-the-ground-up/build/CMakeFiles/CMakeTmp/CMAKE_TRY_COMPILE.build/Debug/cmTC_e8009.build/Objects-normal/x86_64/CMakeCXXCompilerABI.o]
  ignore line: [Apple clang version 12.0.0 (clang-1200.0.32.29)]
  ignore line: [Target: x86_64-apple-macos10.15]
  ignore line: [Thread model: posix]
  ignore line: [InstalledDir: /Applications/Xcode.app/Contents/Developer/Toolchains/XcodeDefault.xctoolchain/usr/bin]
  ignore line: [clang: warning: -Wl -v: 'linker' input unused [-Wunused-command-line-argument]]
  ignore line: [ignoring nonexistent directory "/Applications/Xcode.app/Contents/Developer/Platforms/MacOSX.platform/Developer/SDKs/MacOSX11.1.sdk/usr/include/c++/v1"]
  ignore line: [ "/Applications/Xcode.app/Contents/Developer/Toolchains/XcodeDefault.xctoolchain/usr/bin/clang" -cc1 -triple x86_64-apple-macosx10.15.0 -Wdeprecated-objc-isa-usage -Werror=deprecated-objc-isa-usage -Werror=implicit-function-declaration -emit-obj -mrelax-all -disable-free -disable-llvm-verifier -discard-value-names -main-file-name CMakeCXXCompilerABI.cpp -mrelocation-model pic -pic-level 2 -mthread-model posix -mframe-pointer=all -fno-strict-return -masm-verbose -munwind-tables -target-sdk-version=11.1 -target-cpu penryn -dwarf-column-info -debug-info-kind=standalone -dwarf-version=4 -debugger-tuning=lldb -target-linker-version 609.8 -v -resource-dir /Applications/Xcode.app/Contents/Developer/Toolchains/XcodeDefault.xctoolchain/usr/lib/clang/12.0.0 -dependency-file /Users/xtdoudou/Documents/workspace/ray-tracing-from-the-ground-up/build/CMakeFiles/CMakeTmp/CMAKE_TRY_COMPILE.build/Debug/cmTC_e8009.build/Objects-normal/x86_64/CMakeCXXCompilerABI.d -skip-unused-modulemap-deps -MT dependencies -isysroot /Applications/Xcode.app/Contents/Developer/Platforms/MacOSX.platform/Developer/SDKs/MacOSX11.1.sdk -D "CMAKE_INTDIR=\"Debug\"" -I /Users/xtdoudou/Documents/workspace/ray-tracing-from-the-ground-up/build/CMakeFiles/CMakeTmp/Debug/include -I /Users/xtdoudou/Documents/workspace/ray-tracing-from-the-ground-up/build/CMakeFiles/CMakeTmp/CMAKE_TRY_COMPILE.build/Debug/cmTC_e8009.build/DerivedSources-normal/x86_64 -I /Users/xtdoudou/Documents/workspace/ray-tracing-from-the-ground-up/build/CMakeFiles/CMakeTmp/CMAKE_TRY_COMPILE.build/Debug/cmTC_e8009.build/DerivedSources/x86_64 -I /Users/xtdoudou/Documents/workspace/ray-tracing-from-the-ground-up/build/CMakeFiles/CMakeTmp/CMAKE_TRY_COMPILE.build/Debug/cmTC_e8009.build/DerivedSources -F/Users/xtdoudou/Documents/workspace/ray-tracing-from-the-ground-up/build/CMakeFiles/CMakeTmp/Debug -stdlib=libc++ -internal-isystem /Applications/Xcode.app/Contents/Developer/Toolchains/XcodeDefault.xctoolchain/usr/bin/../include/c++/v1 -internal-isystem /Applications/Xcode.app/Contents/Developer/Platforms/MacOSX.platform/Developer/SDKs/MacOSX11.1.sdk/usr/local/include -internal-isystem /Applications/Xcode.app/Contents/Developer/Toolchains/XcodeDefault.xctoolchain/usr/lib/clang/12.0.0/include -internal-externc-isystem /Applications/Xcode.app/Contents/Developer/Platforms/MacOSX.platform/Developer/SDKs/MacOSX11.1.sdk/usr/include -internal-externc-isystem /Applications/Xcode.app/Contents/Developer/Toolchains/XcodeDefault.xctoolchain/usr/include -O0 -Wno-trigraphs -Wno-missing-field-initializers -Wno-missing-prototypes -Wno-return-type -Wno-non-virtual-dtor -Wno-overloaded-virtual -Wno-exit-time-destructors -Wno-missing-braces -Wparentheses -Wswitch -Wno-unused-function -Wno-unused-label -Wno-unused-parameter -Wno-unused-variable -Wunused-value -Wno-empty-body -Wno-uninitialized -Wno-unknown-pragmas -Wno-shadow -Wno-four-char-constants -Wno-conversion -Wno-constant-conversion -Wno-int-conversion -Wno-bool-conversion -Wno-enum-conversion -Wno-float-conversion -Wno-non-literal-null-conversion -Wno-objc-literal-conversion -Wno-shorten-64-to-32 -Wno-newline-eof -Wno-c++11-extensions -Wdeprecated-declarations -Winvalid-offsetof -Wno-sign-conversion -Wno-infinite-recursion -Wno-move -Wno-comma -Wno-block-capture-autoreleasing -Wno-strict-prototypes -Wno-range-loop-analysis -Wno-semicolon-before-method-body -Wno-reorder-init-list -Wno-implicit-int-float-conversion -Wno-c99-designator -Wno-final-dtor-non-final-class -Wno-extra-semi-stmt -Wno-misleading-indentation -Wno-quoted-include-in-framework-header -Wno-implicit-fallthrough -Wno-enum-enum-conversion -Wno-enum-float-conversion -fdeprecated-macro -fdebug-compilation-dir /Users/xtdoudou/Documents/workspace/ray-tracing-from-the-ground-up/build/CMakeFiles/CMakeTmp -ferror-limit 19 -fmacro-backtrace-limit 0 -fmessage-length 0 -stack-protector 1 -fstack-check -mdarwin-stkchk-strong-link -fblocks -fencode-extended-block-signature -fregister-global-dtors-with-atexit -fgnuc-version=4.2.1 -fobjc-runtime=macosx-10.15.0 -fcxx-exceptions -fexceptions -fpascal-strings -fmax-type-align=16 -fdiagnostics-show-option -fdiagnostics-show-note-include-stack -fasm-blocks -serialize-diagnostic-file /Users/xtdoudou/Documents/workspace/ray-tracing-from-the-ground-up/build/CMakeFiles/CMakeTmp/CMAKE_TRY_COMPILE.build/Debug/cmTC_e8009.build/Objects-normal/x86_64/CMakeCXXCompilerABI.dia -o /Users/xtdoudou/Documents/workspace/ray-tracing-from-the-ground-up/build/CMakeFiles/CMakeTmp/CMAKE_TRY_COMPILE.build/Debug/cmTC_e8009.build/Objects-normal/x86_64/CMakeCXXCompilerABI.o -x c++ /Applications/CMake.app/Contents/share/cmake-3.23/Modules/CMakeCXXCompilerABI.cpp]
  ignore line: [clang -cc1 version 12.0.0 (clang-1200.0.32.29) default target x86_64-apple-darwin19.6.0]
  ignore line: [ignoring nonexistent directory "/Users/xtdoudou/Documents/workspace/ray-tracing-from-the-ground-up/build/CMakeFiles/CMakeTmp/Debug/include"]
  ignore line: [ignoring nonexistent directory "/Users/xtdoudou/Documents/workspace/ray-tracing-from-the-ground-up/build/CMakeFiles/CMakeTmp/CMAKE_TRY_COMPILE.build/Debug/cmTC_e8009.build/DerivedSources-normal/x86_64"]
  ignore line: [ignoring nonexistent directory "/Users/xtdoudou/Documents/workspace/ray-tracing-from-the-ground-up/build/CMakeFiles/CMakeTmp/CMAKE_TRY_COMPILE.build/Debug/cmTC_e8009.build/DerivedSources/x86_64"]
  ignore line: [ignoring nonexistent directory "/Users/xtdoudou/Documents/workspace/ray-tracing-from-the-ground-up/build/CMakeFiles/CMakeTmp/CMAKE_TRY_COMPILE.build/Debug/cmTC_e8009.build/DerivedSources"]
  ignore line: [ignoring nonexistent directory "/Users/xtdoudou/Documents/workspace/ray-tracing-from-the-ground-up/build/CMakeFiles/CMakeTmp/Debug"]
  ignore line: [ignoring nonexistent directory "/Applications/Xcode.app/Contents/Developer/Platforms/MacOSX.platform/Developer/SDKs/MacOSX11.1.sdk/usr/local/include"]
  ignore line: [ignoring nonexistent directory "/Applications/Xcode.app/Contents/Developer/Platforms/MacOSX.platform/Developer/SDKs/MacOSX11.1.sdk/Library/Frameworks"]
  ignore line: [#include "..." search starts here:]
  ignore line: [#include <...> search starts here:]
  ignore line: [ /Applications/Xcode.app/Contents/Developer/Toolchains/XcodeDefault.xctoolchain/usr/bin/../include/c++/v1]
  ignore line: [ /Applications/Xcode.app/Contents/Developer/Toolchains/XcodeDefault.xctoolchain/usr/lib/clang/12.0.0/include]
  ignore line: [ /Applications/Xcode.app/Contents/Developer/Platforms/MacOSX.platform/Developer/SDKs/MacOSX11.1.sdk/usr/include]
  ignore line: [ /Applications/Xcode.app/Contents/Developer/Toolchains/XcodeDefault.xctoolchain/usr/include]
  ignore line: [ /Applications/Xcode.app/Contents/Developer/Platforms/MacOSX.platform/Developer/SDKs/MacOSX11.1.sdk/System/Library/Frameworks (framework directory)]
  ignore line: [End of search list.]
  ignore line: []
  ignore line: [Ld /Users/xtdoudou/Documents/workspace/ray-tracing-from-the-ground-up/build/CMakeFiles/CMakeTmp/Debug/cmTC_e8009 normal (in target 'cmTC_e8009' from project 'CMAKE_TRY_COMPILE')]
  ignore line: [    cd /Users/xtdoudou/Documents/workspace/ray-tracing-from-the-ground-up/build/CMakeFiles/CMakeTmp]
  ignore line: [    /Applications/Xcode.app/Contents/Developer/Toolchains/XcodeDefault.xctoolchain/usr/bin/clang++ -target x86_64-apple-macos10.15 -isysroot /Applications/Xcode.app/Contents/Developer/Platforms/MacOSX.platform/Developer/SDKs/MacOSX11.1.sdk -L/Users/xtdoudou/Documents/workspace/ray-tracing-from-the-ground-up/build/CMakeFiles/CMakeTmp/Debug -F/Users/xtdoudou/Documents/workspace/ray-tracing-from-the-ground-up/build/CMakeFiles/CMakeTmp/Debug -filelist /Users/xtdoudou/Documents/workspace/ray-tracing-from-the-ground-up/build/CMakeFiles/CMakeTmp/CMAKE_TRY_COMPILE.build/Debug/cmTC_e8009.build/Objects-normal/x86_64/cmTC_e8009.LinkFileList -Xlinker -object_path_lto -Xlinker /Users/xtdoudou/Documents/workspace/ray-tracing-from-the-ground-up/build/CMakeFiles/CMakeTmp/CMAKE_TRY_COMPILE.build/Debug/cmTC_e8009.build/Objects-normal/x86_64/cmTC_e8009_lto.o -Xlinker -no_deduplicate -v -Wl -v -Wl -search_paths_first -Wl -headerpad_max_install_names -Xlinker -dependency_info -Xlinker /Users/xtdoudou/Documents/workspace/ray-tracing-from-the-ground-up/build/CMakeFiles/CMakeTmp/CMAKE_TRY_COMPILE.build/Debug/cmTC_e8009.build/Objects-normal/x86_64/cmTC_e8009_dependency_info.dat -o /Users/xtdoudou/Documents/workspace/ray-tracing-from-the-ground-up/build/CMakeFiles/CMakeTmp/Debug/cmTC_e8009]
  ignore line: [Apple clang version 12.0.0 (clang-1200.0.32.29)]
  ignore line: [Target: x86_64-apple-macos10.15]
  ignore line: [Thread model: posix]
  ignore line: [InstalledDir: /Applications/Xcode.app/Contents/Developer/Toolchains/XcodeDefault.xctoolchain/usr/bin]
  reduced line: [ "/Applications/Xcode.app/Contents/Developer/Toolchains/XcodeDefault.xctoolchain/usr/bin/ld" -demangle -lto_library /Applications/Xcode.app/Contents/Developer/Toolchains/XcodeDefault.xctoolchain/usr/lib/libLTO.dylib -dynamic -arch x86_64 -platform_version macos 10.15.0 11.1 -syslibroot /Applications/Xcode.app/Contents/Developer/Platforms/MacOSX.platform/Developer/SDKs/MacOSX11.1.sdk -o /Users/xtdoudou/Documents/workspace/ray-tracing-from-the-ground-up/build/CMakeFiles/CMakeTmp/Debug/cmTC_e8009 -L/Users/xtdoudou/Documents/workspace/ray-tracing-from-the-ground-up/build/CMakeFiles/CMakeTmp/Debug -filelist /Users/xtdoudou/Documents/workspace/ray-tracing-from-the-ground-up/build/CMakeFiles/CMakeTmp/CMAKE_TRY_COMPILE.build/Debug/cmTC_e8009.build/Objects-normal/x86_64/cmTC_e8009.LinkFileList -object_path_lto /Users/xtdoudou/Documents/workspace/ray-tracing-from-the-ground-up/build/CMakeFiles/CMakeTmp/CMAKE_TRY_COMPILE.build/Debug/cmTC_e8009.build/Objects-normal/x86_64/cmTC_e8009_lto.o -no_deduplicate -v -search_paths_first -headerpad_max_install_names -dependency_info /Users/xtdoudou/Documents/workspace/ray-tracing-from-the-ground-up/build/CMakeFiles/CMakeTmp/CMAKE_TRY_COMPILE.build/Debug/cmTC_e8009.build/Objects-normal/x86_64/cmTC_e8009_dependency_info.dat -lc++ -lSystem /Applications/Xcode.app/Contents/Developer/Toolchains/XcodeDefault.xctoolchain/usr/lib/clang/12.0.0/lib/darwin/libclang_rt.osx.a -F/Users/xtdoudou/Documents/workspace/ray-tracing-from-the-ground-up/build/CMakeFiles/CMakeTmp/Debug]
            to: [ "/Applications/Xcode.app/Contents/Developer/Toolchains/XcodeDefault.xctoolchain/usr/bin/ld" -demangle -lto_library /Applications/Xcode.app/Contents/Developer/Toolchains/XcodeDefault.xctoolchain/usr/lib/libLTO.dylib -dynamic -arch x86_64 -platform_version macos 10.15.0 11.1 -syslibroot /Applications/Xcode.app/Contents/Developer/Platforms/MacOSX.platform/Developer/SDKs/MacOSX11.1.sdk -o /Users/xtdoudou/Documents/workspace/ray-tracing-from-the-ground-up/build/CMakeFiles/CMakeTmp/Debug/cmTC_e8009 -filelist /Users/xtdoudou/Documents/workspace/ray-tracing-from-the-ground-up/build/CMakeFiles/CMakeTmp/CMAKE_TRY_COMPILE.build/Debug/cmTC_e8009.build/Objects-normal/x86_64/cmTC_e8009.LinkFileList -object_path_lto /Users/xtdoudou/Documents/workspace/ray-tracing-from-the-ground-up/build/CMakeFiles/CMakeTmp/CMAKE_TRY_COMPILE.build/Debug/cmTC_e8009.build/Objects-normal/x86_64/cmTC_e8009_lto.o -no_deduplicate -v -search_paths_first -headerpad_max_install_names -dependency_info /Users/xtdoudou/Documents/workspace/ray-tracing-from-the-ground-up/build/CMakeFiles/CMakeTmp/CMAKE_TRY_COMPILE.build/Debug/cmTC_e8009.build/Objects-normal/x86_64/cmTC_e8009_dependency_info.dat -lc++ -lSystem /Applications/Xcode.app/Contents/Developer/Toolchains/XcodeDefault.xctoolchain/usr/lib/clang/12.0.0/lib/darwin/libclang_rt.osx.a ]
  link line: [ "/Applications/Xcode.app/Contents/Developer/Toolchains/XcodeDefault.xctoolchain/usr/bin/ld" -demangle -lto_library /Applications/Xcode.app/Contents/Developer/Toolchains/XcodeDefault.xctoolchain/usr/lib/libLTO.dylib -dynamic -arch x86_64 -platform_version macos 10.15.0 11.1 -syslibroot /Applications/Xcode.app/Contents/Developer/Platforms/MacOSX.platform/Developer/SDKs/MacOSX11.1.sdk -o /Users/xtdoudou/Documents/workspace/ray-tracing-from-the-ground-up/build/CMakeFiles/CMakeTmp/Debug/cmTC_e8009 -filelist /Users/xtdoudou/Documents/workspace/ray-tracing-from-the-ground-up/build/CMakeFiles/CMakeTmp/CMAKE_TRY_COMPILE.build/Debug/cmTC_e8009.build/Objects-normal/x86_64/cmTC_e8009.LinkFileList -object_path_lto /Users/xtdoudou/Documents/workspace/ray-tracing-from-the-ground-up/build/CMakeFiles/CMakeTmp/CMAKE_TRY_COMPILE.build/Debug/cmTC_e8009.build/Objects-normal/x86_64/cmTC_e8009_lto.o -no_deduplicate -v -search_paths_first -headerpad_max_install_names -dependency_info /Users/xtdoudou/Documents/workspace/ray-tracing-from-the-ground-up/build/CMakeFiles/CMakeTmp/CMAKE_TRY_COMPILE.build/Debug/cmTC_e8009.build/Objects-normal/x86_64/cmTC_e8009_dependency_info.dat -lc++ -lSystem /Applications/Xcode.app/Contents/Developer/Toolchains/XcodeDefault.xctoolchain/usr/lib/clang/12.0.0/lib/darwin/libclang_rt.osx.a ]
    arg [/Applications/Xcode.app/Contents/Developer/Toolchains/XcodeDefault.xctoolchain/usr/bin/ld] ==> ignore
    arg [-demangle] ==> ignore
    arg [-lto_library] ==> ignore, skip following value
    arg [/Applications/Xcode.app/Contents/Developer/Toolchains/XcodeDefault.xctoolchain/usr/lib/libLTO.dylib] ==> skip value of -lto_library
    arg [-dynamic] ==> ignore
    arg [-arch] ==> ignore
    arg [x86_64] ==> ignore
    arg [-platform_version] ==> ignore
    arg [macos] ==> ignore
    arg [10.15.0] ==> ignore
    arg [11.1] ==> ignore
    arg [-syslibroot] ==> ignore
    arg [/Applications/Xcode.app/Contents/Developer/Platforms/MacOSX.platform/Developer/SDKs/MacOSX11.1.sdk] ==> ignore
    arg [-o] ==> ignore
    arg [/Users/xtdoudou/Documents/workspace/ray-tracing-from-the-ground-up/build/CMakeFiles/CMakeTmp/Debug/cmTC_e8009] ==> ignore
    arg [-filelist] ==> ignore
    arg [/Users/xtdoudou/Documents/workspace/ray-tracing-from-the-ground-up/build/CMakeFiles/CMakeTmp/CMAKE_TRY_COMPILE.build/Debug/cmTC_e8009.build/Objects-normal/x86_64/cmTC_e8009.LinkFileList] ==> ignore
    arg [-object_path_lto] ==> ignore
    arg [/Users/xtdoudou/Documents/workspace/ray-tracing-from-the-ground-up/build/CMakeFiles/CMakeTmp/CMAKE_TRY_COMPILE.build/Debug/cmTC_e8009.build/Objects-normal/x86_64/cmTC_e8009_lto.o] ==> obj [/Users/xtdoudou/Documents/workspace/ray-tracing-from-the-ground-up/build/CMakeFiles/CMakeTmp/CMAKE_TRY_COMPILE.build/Debug/cmTC_e8009.build/Objects-normal/x86_64/cmTC_e8009_lto.o]
    arg [-no_deduplicate] ==> ignore
    arg [-v] ==> ignore
    arg [-search_paths_first] ==> ignore
    arg [-headerpad_max_install_names] ==> ignore
    arg [-dependency_info] ==> ignore
    arg [/Users/xtdoudou/Documents/workspace/ray-tracing-from-the-ground-up/build/CMakeFiles/CMakeTmp/CMAKE_TRY_COMPILE.build/Debug/cmTC_e8009.build/Objects-normal/x86_64/cmTC_e8009_dependency_info.dat] ==> ignore
    arg [-lc++] ==> lib [c++]
    arg [-lSystem] ==> lib [System]
    arg [/Applications/Xcode.app/Contents/Developer/Toolchains/XcodeDefault.xctoolchain/usr/lib/clang/12.0.0/lib/darwin/libclang_rt.osx.a] ==> lib [/Applications/Xcode.app/Contents/Developer/Toolchains/XcodeDefault.xctoolchain/usr/lib/clang/12.0.0/lib/darwin/libclang_rt.osx.a]
  Library search paths: [;/Users/xtdoudou/Documents/workspace/ray-tracing-from-the-ground-up/build/CMakeFiles/CMakeTmp/Debug;/Applications/Xcode.app/Contents/Developer/Platforms/MacOSX.platform/Developer/SDKs/MacOSX11.1.sdk/usr/lib]
  Framework search paths: [;/Users/xtdoudou/Documents/workspace/ray-tracing-from-the-ground-up/build/CMakeFiles/CMakeTmp/Debug;/Applications/Xcode.app/Contents/Developer/Platforms/MacOSX.platform/Developer/SDKs/MacOSX11.1.sdk/System/Library/Frameworks/]
  remove lib [System]
  remove lib [/Applications/Xcode.app/Contents/Developer/Toolchains/XcodeDefault.xctoolchain/usr/lib/clang/12.0.0/lib/darwin/libclang_rt.osx.a]
  collapse library dir [/Users/xtdoudou/Documents/workspace/ray-tracing-from-the-ground-up/build/CMakeFiles/CMakeTmp/Debug] ==> [/Users/xtdoudou/Documents/workspace/ray-tracing-from-the-ground-up/build/CMakeFiles/CMakeTmp/Debug], skipping non-system directory
  collapse library dir [/Applications/Xcode.app/Contents/Developer/Platforms/MacOSX.platform/Developer/SDKs/MacOSX11.1.sdk/usr/lib] ==> [/Applications/Xcode.app/Contents/Developer/Platforms/MacOSX.platform/Developer/SDKs/MacOSX11.1.sdk/usr/lib]
  collapse framework dir [/Users/xtdoudou/Documents/workspace/ray-tracing-from-the-ground-up/build/CMakeFiles/CMakeTmp/Debug] ==> [/Users/xtdoudou/Documents/workspace/ray-tracing-from-the-ground-up/build/CMakeFiles/CMakeTmp/Debug], skipping non-system directory
  collapse framework dir [/Applications/Xcode.app/Contents/Developer/Platforms/MacOSX.platform/Developer/SDKs/MacOSX11.1.sdk/System/Library/Frameworks/] ==> [/Applications/Xcode.app/Contents/Developer/Platforms/MacOSX.platform/Developer/SDKs/MacOSX11.1.sdk/System/Library/Frameworks]
  implicit libs: [c++]
  implicit objs: [/Users/xtdoudou/Documents/workspace/ray-tracing-from-the-ground-up/build/CMakeFiles/CMakeTmp/CMAKE_TRY_COMPILE.build/Debug/cmTC_e8009.build/Objects-normal/x86_64/cmTC_e8009_lto.o]
  implicit dirs: [/Applications/Xcode.app/Contents/Developer/Platforms/MacOSX.platform/Developer/SDKs/MacOSX11.1.sdk/usr/lib]
  implicit fwks: [/Applications/Xcode.app/Contents/Developer/Platforms/MacOSX.platform/Developer/SDKs/MacOSX11.1.sdk/System/Library/Frameworks]


